[  331026ms] [WARNING] Property "noteOptions" was accessed during render but is not defined on instance. Proxy(Object) at <ElOptions>
at <ElScrollbar>
at <ElSelectDropdown>
at <ElFocusTrap>
at <ElPopperContent>
at <BaseTransition>
at <Transition>
at <Teleport>
at <ElTooltipContent>
at <ElPopper>
at <ElTooltip>
at <ElSelect>
at <Graph>
at <RouterView>
at <Layout>
at <RouterView>
at <App> [Object, Object, Object, Object, Object, Object, Object, Object, Object, Object, Object, Object, Object, Object, Object, Object, Object] @ http://127.0.0.1:5173/node_modules/.vite/deps/chunk-XR7F3STB.js?v=0a12365e:29166
[  331031ms] [WARNING] Property "noteOptions" was accessed during render but is not defined on instance. Proxy(Object) at <ElOptions>
at <ElScrollbar>
at <ElSelectDropdown>
at <ElFocusTrap>
at <ElPopperContent>
at <BaseTransition>
at <Transition>
at <Teleport>
at <ElTooltipContent>
at <ElPopper>
at <ElTooltip>
at <ElSelect>
at <ElFormItem>
at <ElForm>
at <Graph>
at <RouterView>
at <Layout>
at <RouterView>
at <App> [Object, Object, Object, Object, Object, Object, Object, Object, Object, Object, Object, Object, Object, Object, Object, Object, Object, Object, Object] @ http://127.0.0.1:5173/node_modules/.vite/deps/chunk-XR7F3STB.js?v=0a12365e:29166
[  331035ms] [WARNING] Property "noteOptions" was accessed during render but is not defined on instance. Proxy(Object) at <ElOptions>
at <ElScrollbar>
at <ElSelectDropdown>
at <ElFocusTrap>
at <ElPopperContent>
at <BaseTransition>
at <Transition>
at <Teleport>
at <ElTooltipContent>
at <ElPopper>
at <ElTooltip>
at <ElSelect>
at <ElFormItem>
at <ElForm>
at <Graph>
at <RouterView>
at <Layout>
at <RouterView>
at <App> [Object, Object, Object, Object, Object, Object, Object, Object, Object, Object, Object, Object, Object, Object, Object, Object, Object, Object, Object] @ http://127.0.0.1:5173/node_modules/.vite/deps/chunk-XR7F3STB.js?v=0a12365e:29166
[  331045ms] [WARNING] Property "noteOptions" was accessed during render but is not defined on instance. Proxy(Object) at <ElOptions>
at <ElScrollbar>
at <ElSelectDropdown>
at <ElFocusTrap>
at <ElPopperContent>
at <BaseTransition>
at <Transition>
at <Teleport>
at <ElTooltipContent>
at <ElPopper>
at <ElTooltip>
at <ElSelect>
at <Graph>
at <RouterView>
at <Layout>
at <RouterView>
at <App> [Object, Object, Object, Object, Object, Object, Object, Object, Object, Object, Object, Object, Object, Object, Object, Object, Object] @ http://127.0.0.1:5173/node_modules/.vite/deps/chunk-XR7F3STB.js?v=0a12365e:29166
[  331047ms] [WARNING] Property "noteOptions" was accessed during render but is not defined on instance. Proxy(Object) at <ElOptions>
at <ElScrollbar>
at <ElSelectDropdown>
at <ElFocusTrap>
at <ElPopperContent>
at <BaseTransition>
at <Transition>
at <Teleport>
at <ElTooltipContent>
at <ElPopper>
at <ElTooltip>
at <ElSelect>
at <ElFormItem>
at <ElForm>
at <Graph>
at <RouterView>
at <Layout>
at <RouterView>
at <App> [Object, Object, Object, Object, Object, Object, Object, Object, Object, Object, Object, Object, Object, Object, Object, Object, Object, Object, Object] @ http://127.0.0.1:5173/node_modules/.vite/deps/chunk-XR7F3STB.js?v=0a12365e:29166
[  331048ms] [WARNING] Property "noteOptions" was accessed during render but is not defined on instance. Proxy(Object) at <ElOptions>
at <ElScrollbar>
at <ElSelectDropdown>
at <ElFocusTrap>
at <ElPopperContent>
at <BaseTransition>
at <Transition>
at <Teleport>
at <ElTooltipContent>
at <ElPopper>
at <ElTooltip>
at <ElSelect>
at <ElFormItem>
at <ElForm>
at <Graph>
at <RouterView>
at <Layout>
at <RouterView>
at <App> [Object, Object, Object, Object, Object, Object, Object, Object, Object, Object, Object, Object, Object, Object, Object, Object, Object, Object, Object] @ http://127.0.0.1:5173/node_modules/.vite/deps/chunk-XR7F3STB.js?v=0a12365e:29166
[  331054ms] [WARNING] Property "noteOptions" was accessed during render but is not defined on instance. Proxy(Object) at <ElOptions>
at <ElScrollbar>
at <ElSelectDropdown>
at <ElFocusTrap>
at <ElPopperContent>
at <BaseTransition>
at <Transition>
at <Teleport>
at <ElTooltipContent>
at <ElPopper>
at <ElTooltip>
at <ElSelect>
at <Graph>
at <RouterView>
at <Layout>
at <RouterView>
at <App> [Object, Object, Object, Object, Object, Object, Object, Object, Object, Object, Object, Object, Object, Object, Object, Object, Object] @ http://127.0.0.1:5173/node_modules/.vite/deps/chunk-XR7F3STB.js?v=0a12365e:29166
[  331055ms] [WARNING] Property "noteOptions" was accessed during render but is not defined on instance. Proxy(Object) at <ElOptions>
at <ElScrollbar>
at <ElSelectDropdown>
at <ElFocusTrap>
at <ElPopperContent>
at <BaseTransition>
at <Transition>
at <Teleport>
at <ElTooltipContent>
at <ElPopper>
at <ElTooltip>
at <ElSelect>
at <ElFormItem>
at <ElForm>
at <Graph>
at <RouterView>
at <Layout>
at <RouterView>
at <App> [Object, Object, Object, Object, Object, Object, Object, Object, Object, Object, Object, Object, Object, Object, Object, Object, Object, Object, Object] @ http://127.0.0.1:5173/node_modules/.vite/deps/chunk-XR7F3STB.js?v=0a12365e:29166
[  331055ms] [WARNING] Property "noteOptions" was accessed during render but is not defined on instance. Proxy(Object) at <ElOptions>
at <ElScrollbar>
at <ElSelectDropdown>
at <ElFocusTrap>
at <ElPopperContent>
at <BaseTransition>
at <Transition>
at <Teleport>
at <ElTooltipContent>
at <ElPopper>
at <ElTooltip>
at <ElSelect>
at <ElFormItem>
at <ElForm>
at <Graph>
at <RouterView>
at <Layout>
at <RouterView>
at <App> [Object, Object, Object, Object, Object, Object, Object, Object, Object, Object, Object, Object, Object, Object, Object, Object, Object, Object, Object] @ http://127.0.0.1:5173/node_modules/.vite/deps/chunk-XR7F3STB.js?v=0a12365e:29166
[  331064ms] [WARNING] Property "noteOptions" was accessed during render but is not defined on instance. Proxy(Object) at <ElOptions>
at <ElScrollbar>
at <ElSelectDropdown>
at <ElFocusTrap>
at <ElPopperContent>
at <BaseTransition>
at <Transition>
at <Teleport>
at <ElTooltipContent>
at <ElPopper>
at <ElTooltip>
at <ElSelect>
at <Graph>
at <RouterView>
at <Layout>
at <RouterView>
at <App> [Object, Object, Object, Object, Object, Object, Object, Object, Object, Object, Object, Object, Object, Object, Object, Object, Object] @ http://127.0.0.1:5173/node_modules/.vite/deps/chunk-XR7F3STB.js?v=0a12365e:29166
[  331064ms] [WARNING] Property "noteOptions" was accessed during render but is not defined on instance. Proxy(Object) at <ElOptions>
at <ElScrollbar>
at <ElSelectDropdown>
at <ElFocusTrap>
at <ElPopperContent>
at <BaseTransition>
at <Transition>
at <Teleport>
at <ElTooltipContent>
at <ElPopper>
at <ElTooltip>
at <ElSelect>
at <ElFormItem>
at <ElForm>
at <Graph>
at <RouterView>
at <Layout>
at <RouterView>
at <App> [Object, Object, Object, Object, Object, Object, Object, Object, Object, Object, Object, Object, Object, Object, Object, Object, Object, Object, Object] @ http://127.0.0.1:5173/node_modules/.vite/deps/chunk-XR7F3STB.js?v=0a12365e:29166
[  331065ms] [WARNING] Property "noteOptions" was accessed during render but is not defined on instance. Proxy(Object) at <ElOptions>
at <ElScrollbar>
at <ElSelectDropdown>
at <ElFocusTrap>
at <ElPopperContent>
at <BaseTransition>
at <Transition>
at <Teleport>
at <ElTooltipContent>
at <ElPopper>
at <ElTooltip>
at <ElSelect>
at <ElFormItem>
at <ElForm>
at <Graph>
at <RouterView>
at <Layout>
at <RouterView>
at <App> [Object, Object, Object, Object, Object, Object, Object, Object, Object, Object, Object, Object, Object, Object, Object, Object, Object, Object, Object] @ http://127.0.0.1:5173/node_modules/.vite/deps/chunk-XR7F3STB.js?v=0a12365e:29166
[  331068ms] [WARNING] Property "noteOptions" was accessed during render but is not defined on instance. Proxy(Object) at <ElOptions>
at <ElScrollbar>
at <ElSelectDropdown>
at <ElFocusTrap>
at <ElPopperContent>
at <BaseTransition>
at <Transition>
at <Teleport>
at <ElTooltipContent>
at <ElPopper>
at <ElTooltip>
at <ElSelect>
at <Graph>
at <RouterView>
at <Layout>
at <RouterView>
at <App> [Object, Object, Object, Object, Object, Object, Object, Object, Object, Object, Object, Object, Object, Object, Object, Object, Object] @ http://127.0.0.1:5173/node_modules/.vite/deps/chunk-XR7F3STB.js?v=0a12365e:29166
[  331070ms] [WARNING] Property "noteOptions" was accessed during render but is not defined on instance. Proxy(Object) at <ElOptions>
at <ElScrollbar>
at <ElSelectDropdown>
at <ElFocusTrap>
at <ElPopperContent>
at <BaseTransition>
at <Transition>
at <Teleport>
at <ElTooltipContent>
at <ElPopper>
at <ElTooltip>
at <ElSelect>
at <ElFormItem>
at <ElForm>
at <Graph>
at <RouterView>
at <Layout>
at <RouterView>
at <App> [Object, Object, Object, Object, Object, Object, Object, Object, Object, Object, Object, Object, Object, Object, Object, Object, Object, Object, Object] @ http://127.0.0.1:5173/node_modules/.vite/deps/chunk-XR7F3STB.js?v=0a12365e:29166
[  331071ms] [WARNING] Property "noteOptions" was accessed during render but is not defined on instance. Proxy(Object) at <ElOptions>
at <ElScrollbar>
at <ElSelectDropdown>
at <ElFocusTrap>
at <ElPopperContent>
at <BaseTransition>
at <Transition>
at <Teleport>
at <ElTooltipContent>
at <ElPopper>
at <ElTooltip>
at <ElSelect>
at <ElFormItem>
at <ElForm>
at <Graph>
at <RouterView>
at <Layout>
at <RouterView>
at <App> [Object, Object, Object, Object, Object, Object, Object, Object, Object, Object, Object, Object, Object, Object, Object, Object, Object, Object, Object] @ http://127.0.0.1:5173/node_modules/.vite/deps/chunk-XR7F3STB.js?v=0a12365e:29166
